<?xml version="1.0" encoding="UTF-8"?>
<!-- Generated by org.testng.reporters.JUnitReportReporter -->
<testsuite hostname="LAPTOP-VGJEB2UD" failures="0" tests="1" name="runners.CRMRunner" time="11.000" errors="0" timestamp="24 Jun 2021 11:58:57 GMT" skipped="0">
  <testcase classname="runners.CRMRunner" name="runScenario" time="11.000"/>
</testsuite> <!-- runners.CRMRunner -->
